<?xml version="1.0" encoding="UTF-8"?>
<!-- Generated by org.testng.reporters.JUnitXMLReporter -->
<testsuite ignored="6" hostname="DESKTOP-L4VALVN" failures="0" tests="1" name="Default test" time="0.326" errors="0" timestamp="2023-11-26T07:05:27 IST">
  <testcase classname="Practice1.SwitchWindow" name="fibonocci" time="0.057"/>
  <testcase classname="Practice1.SwitchWindow" name="vowel" time="0.0">
    <ignored/>
  </testcase> <!-- vowel -->
  <testcase classname="Practice1.SwitchWindow" name="window" time="0.0">
    <ignored/>
  </testcase> <!-- window -->
  <testcase classname="Practice1.SwitchWindow" name="segregare" time="0.0">
    <ignored/>
  </testcase> <!-- segregare -->
  <testcase classname="Practice1.SwitchWindow" name="addnum" time="0.0">
    <ignored/>
  </testcase> <!-- addnum -->
  <testcase classname="Practice1.SwitchWindow" name="addtwo" time="0.0">
    <ignored/>
  </testcase> <!-- addtwo -->
  <testcase classname="Practice1.SwitchWindow" name="rev" time="0.0">
    <ignored/>
  </testcase> <!-- rev -->
</testsuite> <!-- Default test -->
