<?xml version="1.0" encoding="UTF-8"?>
<testng-results ignored="6" total="7" passed="1" failed="0" skipped="0">
  <reporter-output>
  </reporter-output>
  <suite started-at="2023-11-26T07:05:26 IST" name="Default suite" finished-at="2023-11-26T07:05:27 IST" duration-ms="326">
    <groups>
    </groups>
    <test started-at="2023-11-26T07:05:26 IST" name="Default test" finished-at="2023-11-26T07:05:27 IST" duration-ms="326">
      <class name="Practice1.SwitchWindow">
        <test-method signature="fibonocci()[pri:0, instance:Practice1.SwitchWindow@145f66e3]" started-at="2023-11-26T07:05:27 IST" name="fibonocci" finished-at="2023-11-26T07:05:27 IST" duration-ms="57" status="PASS">
          <reporter-output>
          </reporter-output>
        </test-method> <!-- fibonocci -->
      </class> <!-- Practice1.SwitchWindow -->
    </test> <!-- Default test -->
  </suite> <!-- Default suite -->
</testng-results>
